<?xml version="1.0" encoding="UTF-8"?>
<!-- Generated by org.testng.reporters.JUnitReportReporter -->
<testsuite hostname="MOMDAD-PC" name="scripts.TestLoginscptacti" tests="1" failures="0" timestamp="4 Nov 2019 09:56:09 GMT" time="20.496" errors="0">
  <testcase name="TestLoginscptacti" time="20.496" classname="scripts.TestLoginscptacti"/>
</testsuite> <!-- scripts.TestLoginscptacti -->
